2017-12-23 17:39:53 +0000  Initial pipeline context: <IDEDistributionProcessingPipelineContext: 0x7f8762eac0f0; archive(resolved)='<IDEArchive: 0x7f87612b6e20>', distributionTask(resolved)='2', distributionMethod(resolved)='<IDEDistributionMethodiOSAppStoreExport: 0x7f8771c58140>', team(resolved)='<IDEProvisioningBasicTeam 0x7f8761f1c870: teamID: H84TZ6Y9LA, teamName: Samana Tahir>'>
	Chain (11, self inclusive):
	<IDEDistributionProcessingPipelineContext: 0x7f8762eac0f0; archive = '<IDEArchive: 0x7f87612b6e20>', distributionMethod='<IDEDistributionMethodiOSAppStoreExport: 0x7f8771c58140>', team='<IDEProvisioningBasicTeam 0x7f8761f1c870: teamID: H84TZ6Y9LA, teamName: Samana Tahir>'>
	<IDEDistributionProcessingPipelineContext: 0x7f8762da19d0; archive = '<IDEArchive: 0x7f87612b6e20>', distributionMethod='<IDEDistributionMethodiOSAppStoreExport: 0x7f8771c58140>', team='<IDEProvisioningBasicTeam 0x7f8761f1c870: teamID: H84TZ6Y9LA, teamName: Samana Tahir>'>
	<IDEDistributionContext: 0x7f8762f36f60; archive = '<IDEArchive: 0x7f87612b6e20>', distributionMethod='<IDEDistributionMethodiOSAppStoreExport: 0x7f8771c58140>', team='<IDEProvisioningBasicTeam 0x7f8761f1c870: teamID: H84TZ6Y9LA, teamName: Samana Tahir>'>
	<IDEDistributionContext: 0x7f875edee9c0; archive = '<IDEArchive: 0x7f87612b6e20>', distributionMethod='<IDEDistributionMethodiOSAppStoreExport: 0x7f8771c58140>', team='<IDEProvisioningBasicTeam 0x7f8761f1c870: teamID: H84TZ6Y9LA, teamName: Samana Tahir>'>
	<IDEDistributionContext: 0x7f8767f7bf10; archive = '<IDEArchive: 0x7f87612b6e20>', distributionMethod='<IDEDistributionMethodiOSAppStoreExport: 0x7f8771c58140>', team='<IDEProvisioningBasicTeam 0x7f8761f1c870: teamID: H84TZ6Y9LA, teamName: Samana Tahir>'>
	<IDEDistributionContext: 0x7f8779b3f4c0; archive = '<IDEArchive: 0x7f87612b6e20>', distributionMethod='<IDEDistributionMethodiOSAppStoreExport: 0x7f8771c58140>', team='<IDEProvisioningBasicTeam 0x7f8761f1c870: teamID: H84TZ6Y9LA, teamName: Samana Tahir>'>
	<IDEDistributionContext: 0x7f877b2464f0; archive = '<IDEArchive: 0x7f87612b6e20>', distributionMethod='<IDEDistributionMethodiOSAppStoreExport: 0x7f8771c58140>', team='<IDEProvisioningBasicTeam 0x7f8761f1c870: teamID: H84TZ6Y9LA, teamName: Samana Tahir>'>
	<IDEDistributionContext: 0x7f875ee79ca0; archive = '<IDEArchive: 0x7f87612b6e20>', distributionMethod='<IDEDistributionMethodiOSAppStoreExport: 0x7f8771c58140>', team='<IDEProvisioningBasicTeam 0x7f8761f1c870: teamID: H84TZ6Y9LA, teamName: Samana Tahir>'>
	<IDEDistributionContext: 0x7f8767b0e120; archive = '<IDEArchive: 0x7f87612b6e20>', distributionMethod='<IDEDistributionMethodiOSAppStoreExport: 0x7f8771c58140>', team='<IDEProvisioningBasicTeam 0x7f8761f1c870: teamID: H84TZ6Y9LA, teamName: Samana Tahir>'>
	<IDEDistributionContext: 0x7f8761d78780; archive = '<IDEArchive: 0x7f87612b6e20>', distributionMethod='<IDEDistributionMethodiOSAppStoreExport: 0x7f8771c58140>', team='(null)'>
	<IDEDistributionContext: 0x7f87675690e0; archive = '<IDEArchive: 0x7f87612b6e20>', distributionMethod='(null)', team='(null)'>
</IDEDistributionProcessingPipelineContext: 0x7f8762eac0f0>
2017-12-23 17:39:53 +0000  Processing step: IDEDistributionCreateDestRootStep
2017-12-23 17:39:53 +0000  Processing step: IDEDistributionCopyItemStep
2017-12-23 17:39:53 +0000  Running /usr/bin/ditto '-V' '/Users/tamur/Library/Developer/Xcode/Archives/2017-12-23/mageApp 23-12-2017, 10.36 PM.xcarchive/Products/Applications/mageApp.app' '/var/folders/50/fxw7q5qx0_nd24zj9k6xw5x80000gp/T/XcodeDistPipeline.J4W/Root/Payload/mageApp.app'
2017-12-23 17:39:53 +0000  >>> Copying /Users/tamur/Library/Developer/Xcode/Archives/2017-12-23/mageApp 23-12-2017, 10.36 PM.xcarchive/Products/Applications/mageApp.app 
2017-12-23 17:39:53 +0000  
2017-12-23 17:39:53 +0000  copying file ./_CodeSignature/CodeResources ... 
2017-12-23 17:39:53 +0000  30121 bytes for ./_CodeSignature/CodeResources
2017-12-23 17:39:53 +0000  copying file ./AppIcon20x20@2x.png ... 
2017-12-23 17:39:53 +0000  3357 bytes for ./AppIcon20x20@2x.png
2017-12-23 17:39:53 +0000  copying file ./AppIcon20x20@3x.png ... 
2017-12-23 17:39:53 +0000  6499 bytes for ./AppIcon20x20@3x.png
2017-12-23 17:39:53 +0000  copying file ./AppIcon29x29@2x.png ... 
2017-12-23 17:39:53 +0000  6128 bytes for ./AppIcon29x29@2x.png
2017-12-23 17:39:53 +0000  copying file ./AppIcon29x29@3x.png ... 
2017-12-23 17:39:53 +0000  12044 bytes for ./AppIcon29x29@3x.png
2017-12-23 17:39:53 +0000  copying file ./AppIcon40x40@2x.png ... 
2017-12-23 17:39:53 +0000  10521 bytes for ./AppIcon40x40@2x.png
2017-12-23 17:39:53 +0000  copying file ./AppIcon40x40@3x.png ... 
2017-12-23 17:39:53 +0000  20236 bytes for ./AppIcon40x40@3x.png
2017-12-23 17:39:53 +0000  copying file ./AppIcon60x60@2x.png ... 
2017-12-23 17:39:53 +0000  20236 bytes for ./AppIcon60x60@2x.png
2017-12-23 17:39:53 +0000  copying file ./AppIcon60x60@3x.png ... 
2017-12-23 17:39:53 +0000  39342 bytes for ./AppIcon60x60@3x.png
2017-12-23 17:39:53 +0000  copying file ./archived-expanded-entitlements.xcent ... 
2017-12-23 17:39:53 +0000  406 bytes for ./archived-expanded-entitlements.xcent
2017-12-23 17:39:53 +0000  copying file ./assets/node_modules/react-native-router-flux/images/back_chevron.png ... 
2017-12-23 17:39:53 +0000  575 bytes for ./assets/node_modules/react-native-router-flux/images/back_chevron.png
copying file ./assets/node_modules/react-native-router-flux/images/menu_burger.png ... 
2017-12-23 17:39:53 +0000  706 bytes for ./assets/node_modules/react-native-router-flux/images/menu_burger.png
2017-12-23 17:39:53 +0000  copying file ./assets/node_modules/react-navigation/src/views/assets/back-icon.png ... 
2017-12-23 17:39:53 +0000  379 bytes for ./assets/node_modules/react-navigation/src/views/assets/back-icon.png
2017-12-23 17:39:53 +0000  copying file ./assets/node_modules/react-navigation/src/views/assets/back-icon@2x.png ... 
2017-12-23 17:39:53 +0000  534 bytes for ./assets/node_modules/react-navigation/src/views/assets/back-icon@2x.png
2017-12-23 17:39:53 +0000  copying file ./assets/node_modules/react-navigation/src/views/assets/back-icon@3x.png ... 
2017-12-23 17:39:53 +0000  732 bytes for ./assets/node_modules/react-navigation/src/views/assets/back-icon@3x.png
2017-12-23 17:39:53 +0000  copying file ./assets/src/Components/images/1.png ... 
2017-12-23 17:39:53 +0000  455306 bytes for ./assets/src/Components/images/1.png
copying file ./assets/src/Components/images/11.png ... 
2017-12-23 17:39:53 +0000  122807 bytes for ./assets/src/Components/images/11.png
copying file ./assets/src/Components/images/12.png ... 
103198 bytes for ./assets/src/Components/images/12.png
copying file ./assets/src/Components/images/13.png ... 
2017-12-23 17:39:53 +0000  108450 bytes for ./assets/src/Components/images/13.png
copying file ./assets/src/Components/images/14.png ... 
2017-12-23 17:39:53 +0000  228203 bytes for ./assets/src/Components/images/14.png
copying file ./assets/src/Components/images/15.png ... 
2017-12-23 17:39:53 +0000  252748 bytes for ./assets/src/Components/images/15.png
2017-12-23 17:39:53 +0000  copying file ./assets/src/Components/images/btn.png ... 
2017-12-23 17:39:53 +0000  3006 bytes for ./assets/src/Components/images/btn.png
copying file ./assets/src/Components/images/btn_blue.png ... 
2017-12-23 17:39:53 +0000  2022 bytes for ./assets/src/Components/images/btn_blue.png
2017-12-23 17:39:53 +0000  copying file ./assets/src/Components/images/btn_blue1.png ... 
2017-12-23 17:39:53 +0000  4327 bytes for ./assets/src/Components/images/btn_blue1.png
2017-12-23 17:39:53 +0000  copying file ./assets/src/Components/images/btn_blue@3x.png ... 
2017-12-23 17:39:53 +0000  4327 bytes for ./assets/src/Components/images/btn_blue@3x.png
2017-12-23 17:39:53 +0000  copying file ./assets/src/Components/images/checkmark.png ... 
2017-12-23 17:39:53 +0000  5277 bytes for ./assets/src/Components/images/checkmark.png
2017-12-23 17:39:53 +0000  copying file ./assets/src/Components/images/circle_coloured.png ... 
2017-12-23 17:39:53 +0000  2287 bytes for ./assets/src/Components/images/circle_coloured.png
2017-12-23 17:39:53 +0000  copying file ./assets/src/Components/images/correct_icon.png ... 
2017-12-23 17:39:53 +0000  2291 bytes for ./assets/src/Components/images/correct_icon.png
2017-12-23 17:39:53 +0000  copying file ./assets/src/Components/images/Degree_iconios.png ... 
2017-12-23 17:39:53 +0000  2133 bytes for ./assets/src/Components/images/Degree_iconios.png
copying file ./assets/src/Components/images/dialogueimage.png ... 
2017-12-23 17:39:53 +0000  26161 bytes for ./assets/src/Components/images/dialogueimage.png
2017-12-23 17:39:53 +0000  copying file ./assets/src/Components/images/edit-icon.png ... 
2017-12-23 17:39:53 +0000  1064 bytes for ./assets/src/Components/images/edit-icon.png
2017-12-23 17:39:53 +0000  copying file ./assets/src/Components/images/emailblueios.png ... 
2017-12-23 17:39:53 +0000  1694 bytes for ./assets/src/Components/images/emailblueios.png
2017-12-23 17:39:53 +0000  copying file ./assets/src/Components/images/facebook.png ... 
2017-12-23 17:39:53 +0000  1916 bytes for ./assets/src/Components/images/facebook.png
2017-12-23 17:39:53 +0000  copying file ./assets/src/Components/images/game_control_icon.png ... 
2017-12-23 17:39:53 +0000  1449 bytes for ./assets/src/Components/images/game_control_icon.png
copying file ./assets/src/Components/images/game_stat_card.png ... 
2017-12-23 17:39:53 +0000  2787 bytes for ./assets/src/Components/images/game_stat_card.png
2017-12-23 17:39:53 +0000  copying file ./assets/src/Components/images/game_stat_picture.png ... 
2017-12-23 17:39:53 +0000  50427 bytes for ./assets/src/Components/images/game_stat_picture.png
2017-12-23 17:39:53 +0000  copying file ./assets/src/Components/images/Google+.png ... 
2017-12-23 17:39:53 +0000  2286 bytes for ./assets/src/Components/images/Google+.png
2017-12-23 17:39:53 +0000  copying file ./assets/src/Components/images/great_try_BG.png ... 
2017-12-23 17:39:53 +0000  4009 bytes for ./assets/src/Components/images/great_try_BG.png
2017-12-23 17:39:53 +0000  copying file ./assets/src/Components/images/great_try_btn.png ... 
2017-12-23 17:39:53 +0000  4769 bytes for ./assets/src/Components/images/great_try_btn.png
2017-12-23 17:39:53 +0000  copying file ./assets/src/Components/images/hear_icon1.png ... 
2017-12-23 17:39:53 +0000  2265 bytes for ./assets/src/Components/images/hear_icon1.png
2017-12-23 17:39:53 +0000  copying file ./assets/src/Components/images/Illustration_splash.png ... 
2017-12-23 17:39:53 +0000  327263 bytes for ./assets/src/Components/images/Illustration_splash.png
copying file ./assets/src/Components/images/lock_blueios.png ... 
2017-12-23 17:39:53 +0000  2264 bytes for ./assets/src/Components/images/lock_blueios.png
copying file ./assets/src/Components/images/logo.png ... 
2017-12-23 17:39:53 +0000  31652 bytes for ./assets/src/Components/images/logo.png
copying file ./assets/src/Components/images/mage_circle_btn.png ... 
2017-12-23 17:39:53 +0000  4587 bytes for ./assets/src/Components/images/mage_circle_btn.png
copying file ./assets/src/Components/images/mage_splash_logo.png ... 
2017-12-23 17:39:53 +0000  24629 bytes for ./assets/src/Components/images/mage_splash_logo.png
2017-12-23 17:39:53 +0000  copying file ./assets/src/Components/images/master_icon.png ... 
2017-12-23 17:39:53 +0000  1739 bytes for ./assets/src/Components/images/master_icon.png
2017-12-23 17:39:53 +0000  copying file ./assets/src/Components/images/maxresdefault.jpg ... 
2017-12-23 17:39:53 +0000  42732 bytes for ./assets/src/Components/images/maxresdefault.jpg
copying file ./assets/src/Components/images/okay_btn.png ... 
2017-12-23 17:39:53 +0000  4271 bytes for ./assets/src/Components/images/okay_btn.png
2017-12-23 17:39:53 +0000  copying file ./assets/src/Components/images/pinios.png ... 
2017-12-23 17:39:53 +0000  1423 bytes for ./assets/src/Components/images/pinios.png
2017-12-23 17:39:53 +0000  copying file ./assets/src/Components/images/Question_header.png ... 
2017-12-23 17:39:53 +0000  130251 bytes for ./assets/src/Components/images/Question_header.png
copying file ./assets/src/Components/images/Question_header1.png ... 
2017-12-23 17:39:53 +0000  139061 bytes for ./assets/src/Components/images/Question_header1.png
2017-12-23 17:39:53 +0000  copying file ./assets/src/Components/images/read_icon1.png ... 
2017-12-23 17:39:53 +0000  2095 bytes for ./assets/src/Components/images/read_icon1.png
2017-12-23 17:39:53 +0000  copying file ./assets/src/Components/images/score_card_blue.png ... 
2017-12-23 17:39:53 +0000  1428 bytes for ./assets/src/Components/images/score_card_blue.png
2017-12-23 17:39:53 +0000  copying file ./assets/src/Components/images/score_card_yellow.png ... 
2017-12-23 17:39:53 +0000  1221 bytes for ./assets/src/Components/images/score_card_yellow.png
copying file ./assets/src/Components/images/search_iconx.png ... 
2017-12-23 17:39:53 +0000  1799 bytes for ./assets/src/Components/images/search_iconx.png
copying file ./assets/src/Components/images/Setting_BTN.png ... 
2017-12-23 17:39:53 +0000  2130 bytes for ./assets/src/Components/images/Setting_BTN.png
copying file ./assets/src/Components/images/solo_btn.png ... 
2017-12-23 17:39:53 +0000  3729 bytes for ./assets/src/Components/images/solo_btn.png
2017-12-23 17:39:53 +0000  copying file ./assets/src/Components/images/speak_icon1.png ... 
2017-12-23 17:39:53 +0000  2048 bytes for ./assets/src/Components/images/speak_icon1.png
2017-12-23 17:39:53 +0000  copying file ./assets/src/Components/images/storyboard_bg.png ... 
2017-12-23 17:39:53 +0000  39523 bytes for ./assets/src/Components/images/storyboard_bg.png
copying file ./assets/src/Components/images/times_up_icon.png ... 
2017-12-23 17:39:53 +0000  2757 bytes for ./assets/src/Components/images/times_up_icon.png
2017-12-23 17:39:53 +0000  copying file ./assets/src/Components/images/top_pick_card01.png ... 
2017-12-23 17:39:53 +0000  117881 bytes for ./assets/src/Components/images/top_pick_card01.png
2017-12-23 17:39:53 +0000  copying file ./assets/src/Components/images/top_pick_card02.png ... 
2017-12-23 17:39:53 +0000  127001 bytes for ./assets/src/Components/images/top_pick_card02.png
2017-12-23 17:39:53 +0000  copying file ./assets/src/Components/images/user-icon1.png ... 
2017-12-23 17:39:53 +0000  1592 bytes for ./assets/src/Components/images/user-icon1.png
2017-12-23 17:39:53 +0000  copying file ./assets/src/Components/images/user_icon_dark.png ... 
2017-12-23 17:39:53 +0000  17736 bytes for ./assets/src/Components/images/user_icon_dark.png
2017-12-23 17:39:53 +0000  copying file ./assets/src/Components/images/write_icon1.png ... 
2017-12-23 17:39:53 +0000  2038 bytes for ./assets/src/Components/images/write_icon1.png
2017-12-23 17:39:53 +0000  copying file ./assets/src/Components/images/wrong_icon.png ... 
2017-12-23 17:39:53 +0000  2290 bytes for ./assets/src/Components/images/wrong_icon.png
2017-12-23 17:39:53 +0000  copying file ./assets/src/Components/images/x.png ... 
2017-12-23 17:39:53 +0000  3790 bytes for ./assets/src/Components/images/x.png
2017-12-23 17:39:53 +0000  copying file ./Assets.car ... 
2017-12-23 17:39:53 +0000  154824 bytes for ./Assets.car
2017-12-23 17:39:53 +0000  copying file ./Base.lproj/LaunchScreen.nib ... 
2017-12-23 17:39:53 +0000  3099 bytes for ./Base.lproj/LaunchScreen.nib
2017-12-23 17:39:53 +0000  copying file ./embedded.mobileprovision ... 
2017-12-23 17:39:53 +0000  13323 bytes for ./embedded.mobileprovision
2017-12-23 17:39:53 +0000  copying file ./Entypo.ttf ... 
2017-12-23 17:39:53 +0000  65584 bytes for ./Entypo.ttf
copying file ./EvilIcons.ttf ... 
2017-12-23 17:39:53 +0000  13128 bytes for ./EvilIcons.ttf
copying file ./FontAwesome.ttf ... 
2017-12-23 17:39:53 +0000  165548 bytes for ./FontAwesome.ttf
copying file ./Foundation.ttf ... 
2017-12-23 17:39:53 +0000  56976 bytes for ./Foundation.ttf
2017-12-23 17:39:53 +0000  copying file ./Info.plist ... 
2017-12-23 17:39:53 +0000  1683 bytes for ./Info.plist
2017-12-23 17:39:53 +0000  copying file ./Ionicons.ttf ... 
2017-12-23 17:39:53 +0000  143936 bytes for ./Ionicons.ttf
copying file ./mageApp ... 
2017-12-23 17:39:54 +0000  19468832 bytes for ./mageApp
2017-12-23 17:39:54 +0000  /usr/bin/ditto exited with 0
2017-12-23 17:39:54 +0000  copying file ./main.jsbundle ... 
1938154 bytes for ./main.jsbundle
copying file ./main.jsbundle.meta ... 
21 bytes for ./main.jsbundle.meta
copying file ./MaterialIcons.ttf ... 
128180 bytes for ./MaterialIcons.ttf
copying file ./Octicons.ttf ... 
43920 bytes for ./Octicons.ttf
copying file ./PkgInfo ... 
8 bytes for ./PkgInfo
copying file ./Roboto.ttf ... 
145348 bytes for ./Roboto.ttf
copying file ./Roboto_medium.ttf ... 
137308 bytes for ./Roboto_medium.ttf
copying file ./rubicon-icon-font.ttf ... 
10208 bytes for ./rubicon-icon-font.ttf
copying file ./SimpleLineIcons.ttf ... 
54056 bytes for ./SimpleLineIcons.ttf
copying file ./YTPlayerView-iframe-player.html ... 
2726 bytes for ./YTPlayerView-iframe-player.html
copying file ./Zocial.ttf ... 
25552 bytes for ./Zocial.ttf
2017-12-23 17:39:54 +0000  Processing step: IDEDistributionEmbedProfileStep
2017-12-23 17:39:54 +0000  Processing step: IDEDistributionItemRemovalStep
2017-12-23 17:39:54 +0000  Processing step: IDEDistributionAppThinningPlistStep
2017-12-23 17:39:54 +0000  Skipping step: IDEDistributionAppThinningPlistStep because it said so
2017-12-23 17:39:54 +0000  Processing step: IDEDistributionCompileBitcodeStep
2017-12-23 17:39:54 +0000  Skipping step: IDEDistributionCompileBitcodeStep because it said so
2017-12-23 17:39:54 +0000  Processing step: IDEDistributionCodeSlimmingStep
2017-12-23 17:39:55 +0000  Processing step: IDEDistributionCopyBCSymbolMapsStep
2017-12-23 17:39:55 +0000  Running /usr/bin/ditto '-V' '/Users/tamur/Library/Developer/Xcode/Archives/2017-12-23/mageApp 23-12-2017, 10.36 PM.xcarchive/BCSymbolMaps/25635973-8ADC-3088-A388-9E20D57EBB18.bcsymbolmap' '/var/folders/50/fxw7q5qx0_nd24zj9k6xw5x80000gp/T/XcodeDistPipeline.J4W/Root/BCSymbolMaps/25635973-8ADC-3088-A388-9E20D57EBB18.bcsymbolmap'
2017-12-23 17:39:55 +0000  >>> Copying /Users/tamur/Library/Developer/Xcode/Archives/2017-12-23/mageApp 23-12-2017, 10.36 PM.xcarchive/BCSymbolMaps/25635973-8ADC-3088-A388-9E20D57EBB18.bcsymbolmap 
2017-12-23 17:39:55 +0000  copying file ./25635973-8ADC-3088-A388-9E20D57EBB18.bcsymbolmap ... 
2017-12-23 17:39:55 +0000  681018 bytes for ./25635973-8ADC-3088-A388-9E20D57EBB18.bcsymbolmap
2017-12-23 17:39:55 +0000  /usr/bin/ditto exited with 0
2017-12-23 17:39:55 +0000  Running /usr/bin/ditto '-V' '/Users/tamur/Library/Developer/Xcode/Archives/2017-12-23/mageApp 23-12-2017, 10.36 PM.xcarchive/BCSymbolMaps/3489B043-6B99-3E1C-81CD-938A2DE9D5B9.bcsymbolmap' '/var/folders/50/fxw7q5qx0_nd24zj9k6xw5x80000gp/T/XcodeDistPipeline.J4W/Root/BCSymbolMaps/3489B043-6B99-3E1C-81CD-938A2DE9D5B9.bcsymbolmap'
2017-12-23 17:39:55 +0000  >>> Copying /Users/tamur/Library/Developer/Xcode/Archives/2017-12-23/mageApp 23-12-2017, 10.36 PM.xcarchive/BCSymbolMaps/3489B043-6B99-3E1C-81CD-938A2DE9D5B9.bcsymbolmap 
2017-12-23 17:39:55 +0000  copying file ./3489B043-6B99-3E1C-81CD-938A2DE9D5B9.bcsymbolmap ... 
2017-12-23 17:39:55 +0000  688716 bytes for ./3489B043-6B99-3E1C-81CD-938A2DE9D5B9.bcsymbolmap
2017-12-23 17:39:55 +0000  /usr/bin/ditto exited with 0
2017-12-23 17:39:55 +0000  Processing step: IDEDistributionSymbolsStep
2017-12-23 17:39:55 +0000  Excluding symbols for mageApp.app
2017-12-23 17:39:55 +0000  Processing step: IDEDistributionCopyAppleProvidedContentStep
2017-12-23 17:39:55 +0000  Processing step: IDEDistributionAppThinningStep
2017-12-23 17:39:55 +0000  Skipping step: IDEDistributionAppThinningStep because it said so
2017-12-23 17:39:55 +0000  Processing step: IDEDistributionODRStep
2017-12-23 17:39:55 +0000  Processing step: IDEDistributionStripXattrsStep
2017-12-23 17:39:55 +0000  Running /usr/bin/xattr '-crs' '/var/folders/50/fxw7q5qx0_nd24zj9k6xw5x80000gp/T/XcodeDistPipeline.J4W/Root/Payload/mageApp.app'
2017-12-23 17:39:55 +0000  /usr/bin/xattr exited with 0
2017-12-23 17:39:55 +0000  Processing step: IDEDistributionCodesignStep
2017-12-23 17:39:55 +0000  Applying entitlements delta for <IDEDistributionItem: 0x7f877e1d8620 'org.reactjs.native.example.mageApp' '<DVTFilePath:0x7f877da57f30:'/Users/tamur/Library/Developer/Xcode/Archives/2017-12-23/mageApp 23-12-2017, 10.36 PM.xcarchive/Products/Applications/mageApp.app'>'> from <IDEiCloudEntitlementsProcessor: 0x7f875ee78070>: {
}
2017-12-23 17:39:55 +0000  Entitlements for <IDEDistributionItem: 0x7f877e1d8620 'org.reactjs.native.example.mageApp' '<DVTFilePath:0x7f877da57f30:'/Users/tamur/Library/Developer/Xcode/Archives/2017-12-23/mageApp 23-12-2017, 10.36 PM.xcarchive/Products/Applications/mageApp.app'>'>: {
    "application-identifier" = "H84TZ6Y9LA.org.reactjs.native.example.mageApp";
    "beta-reports-active" = 1;
    "com.apple.developer.team-identifier" = H84TZ6Y9LA;
    "get-task-allow" = 0;
    "keychain-access-groups" =     (
        "H84TZ6Y9LA.org.reactjs.native.example.mageApp"
    );
}
2017-12-23 17:39:55 +0000  Writing entitlements for <IDEDistributionItem: 0x7f877e1d8620 'org.reactjs.native.example.mageApp' '<DVTFilePath:0x7f877da57f30:'/Users/tamur/Library/Developer/Xcode/Archives/2017-12-23/mageApp 23-12-2017, 10.36 PM.xcarchive/Products/Applications/mageApp.app'>'> to: /var/folders/50/fxw7q5qx0_nd24zj9k6xw5x80000gp/T/XcodeDistPipeline.J4W/entitlements4rkNO6
2017-12-23 17:39:55 +0000  Running /usr/bin/codesign '-vvv' '--force' '--sign' 'B100F199AB6E182CB277A6F11DADCDAA92470469' '--preserve-metadata=identifier,flags' '--entitlements' '/var/folders/50/fxw7q5qx0_nd24zj9k6xw5x80000gp/T/XcodeDistPipeline.J4W/entitlements4rkNO6' '/var/folders/50/fxw7q5qx0_nd24zj9k6xw5x80000gp/T/XcodeDistPipeline.J4W/Root/Payload/mageApp.app'
2017-12-23 17:39:56 +0000  /var/folders/50/fxw7q5qx0_nd24zj9k6xw5x80000gp/T/XcodeDistPipeline.J4W/Root/Payload/mageApp.app: signed app bundle with Mach-O universal (armv7 arm64) [org.reactjs.native.example.mageApp]
2017-12-23 17:39:56 +0000  /usr/bin/codesign exited with 0
2017-12-23 17:39:56 +0000  Processing step: IDEDistributionStreamingZipItemStep
2017-12-23 17:39:56 +0000  Skipping step: IDEDistributionStreamingZipItemStep because it said so
2017-12-23 17:39:56 +0000  Processing step: IDEDistributionCreateIPAStep
2017-12-23 17:39:56 +0000  Running /usr/bin/ditto '-V' '-c' '-k' '--norsrc' '/var/folders/50/fxw7q5qx0_nd24zj9k6xw5x80000gp/T/XcodeDistPipeline.J4W/Root' '/var/folders/50/fxw7q5qx0_nd24zj9k6xw5x80000gp/T/XcodeDistPipeline.J4W/Packages/mageApp.ipa'
2017-12-23 17:39:56 +0000  >>> Copying /var/folders/50/fxw7q5qx0_nd24zj9k6xw5x80000gp/T/XcodeDistPipeline.J4W/Root 
2017-12-23 17:39:56 +0000  
2017-12-23 17:39:56 +0000  copying file ./BCSymbolMaps/25635973-8ADC-3088-A388-9E20D57EBB18.bcsymbolmap ... 
2017-12-23 17:39:56 +0000  681018 bytes for ./BCSymbolMaps/25635973-8ADC-3088-A388-9E20D57EBB18.bcsymbolmap
copying file ./BCSymbolMaps/3489B043-6B99-3E1C-81CD-938A2DE9D5B9.bcsymbolmap ... 
2017-12-23 17:39:56 +0000  688716 bytes for ./BCSymbolMaps/3489B043-6B99-3E1C-81CD-938A2DE9D5B9.bcsymbolmap
2017-12-23 17:39:56 +0000  copying file ./Payload/mageApp.app/_CodeSignature/CodeResources ... 
2017-12-23 17:39:56 +0000  30121 bytes for ./Payload/mageApp.app/_CodeSignature/CodeResources
2017-12-23 17:39:56 +0000  copying file ./Payload/mageApp.app/AppIcon20x20@2x.png ... 
2017-12-23 17:39:56 +0000  3357 bytes for ./Payload/mageApp.app/AppIcon20x20@2x.png
2017-12-23 17:39:56 +0000  copying file ./Payload/mageApp.app/AppIcon20x20@3x.png ... 
2017-12-23 17:39:56 +0000  6499 bytes for ./Payload/mageApp.app/AppIcon20x20@3x.png
2017-12-23 17:39:56 +0000  copying file ./Payload/mageApp.app/AppIcon29x29@2x.png ... 
2017-12-23 17:39:56 +0000  6128 bytes for ./Payload/mageApp.app/AppIcon29x29@2x.png
copying file ./Payload/mageApp.app/AppIcon29x29@3x.png ... 
2017-12-23 17:39:56 +0000  12044 bytes for ./Payload/mageApp.app/AppIcon29x29@3x.png
copying file ./Payload/mageApp.app/AppIcon40x40@2x.png ... 
2017-12-23 17:39:56 +0000  10521 bytes for ./Payload/mageApp.app/AppIcon40x40@2x.png
2017-12-23 17:39:56 +0000  copying file ./Payload/mageApp.app/AppIcon40x40@3x.png ... 
2017-12-23 17:39:56 +0000  20236 bytes for ./Payload/mageApp.app/AppIcon40x40@3x.png
copying file ./Payload/mageApp.app/AppIcon60x60@2x.png ... 
2017-12-23 17:39:56 +0000  20236 bytes for ./Payload/mageApp.app/AppIcon60x60@2x.png
copying file ./Payload/mageApp.app/AppIcon60x60@3x.png ... 
2017-12-23 17:39:56 +0000  39342 bytes for ./Payload/mageApp.app/AppIcon60x60@3x.png
copying file ./Payload/mageApp.app/archived-expanded-entitlements.xcent ... 
2017-12-23 17:39:56 +0000  406 bytes for ./Payload/mageApp.app/archived-expanded-entitlements.xcent
2017-12-23 17:39:56 +0000  copying file ./Payload/mageApp.app/assets/node_modules/react-native-router-flux/images/back_chevron.png ... 
2017-12-23 17:39:56 +0000  575 bytes for ./Payload/mageApp.app/assets/node_modules/react-native-router-flux/images/back_chevron.png
copying file ./Payload/mageApp.app/assets/node_modules/react-native-router-flux/images/menu_burger.png ... 
2017-12-23 17:39:56 +0000  706 bytes for ./Payload/mageApp.app/assets/node_modules/react-native-router-flux/images/menu_burger.png
2017-12-23 17:39:56 +0000  copying file ./Payload/mageApp.app/assets/node_modules/react-navigation/src/views/assets/back-icon.png ... 
2017-12-23 17:39:56 +0000  379 bytes for ./Payload/mageApp.app/assets/node_modules/react-navigation/src/views/assets/back-icon.png
copying file ./Payload/mageApp.app/assets/node_modules/react-navigation/src/views/assets/back-icon@2x.png ... 
2017-12-23 17:39:56 +0000  534 bytes for ./Payload/mageApp.app/assets/node_modules/react-navigation/src/views/assets/back-icon@2x.png
copying file ./Payload/mageApp.app/assets/node_modules/react-navigation/src/views/assets/back-icon@3x.png ... 
2017-12-23 17:39:56 +0000  732 bytes for ./Payload/mageApp.app/assets/node_modules/react-navigation/src/views/assets/back-icon@3x.png
2017-12-23 17:39:56 +0000  copying file ./Payload/mageApp.app/assets/src/Components/images/1.png ... 
2017-12-23 17:39:56 +0000  455306 bytes for ./Payload/mageApp.app/assets/src/Components/images/1.png
copying file ./Payload/mageApp.app/assets/src/Components/images/11.png ... 
2017-12-23 17:39:56 +0000  122807 bytes for ./Payload/mageApp.app/assets/src/Components/images/11.png
copying file ./Payload/mageApp.app/assets/src/Components/images/12.png ... 
2017-12-23 17:39:56 +0000  103198 bytes for ./Payload/mageApp.app/assets/src/Components/images/12.png
2017-12-23 17:39:56 +0000  copying file ./Payload/mageApp.app/assets/src/Components/images/13.png ... 
2017-12-23 17:39:56 +0000  108450 bytes for ./Payload/mageApp.app/assets/src/Components/images/13.png
copying file ./Payload/mageApp.app/assets/src/Components/images/14.png ... 
2017-12-23 17:39:56 +0000  228203 bytes for ./Payload/mageApp.app/assets/src/Components/images/14.png
copying file ./Payload/mageApp.app/assets/src/Components/images/15.png ... 
2017-12-23 17:39:56 +0000  252748 bytes for ./Payload/mageApp.app/assets/src/Components/images/15.png
copying file ./Payload/mageApp.app/assets/src/Components/images/btn.png ... 
2017-12-23 17:39:56 +0000  3006 bytes for ./Payload/mageApp.app/assets/src/Components/images/btn.png
copying file ./Payload/mageApp.app/assets/src/Components/images/btn_blue.png ... 
2017-12-23 17:39:56 +0000  2022 bytes for ./Payload/mageApp.app/assets/src/Components/images/btn_blue.png
copying file ./Payload/mageApp.app/assets/src/Components/images/btn_blue1.png ... 
2017-12-23 17:39:56 +0000  4327 bytes for ./Payload/mageApp.app/assets/src/Components/images/btn_blue1.png
copying file ./Payload/mageApp.app/assets/src/Components/images/btn_blue@3x.png ... 
2017-12-23 17:39:56 +0000  4327 bytes for ./Payload/mageApp.app/assets/src/Components/images/btn_blue@3x.png
copying file ./Payload/mageApp.app/assets/src/Components/images/checkmark.png ... 
2017-12-23 17:39:56 +0000  5277 bytes for ./Payload/mageApp.app/assets/src/Components/images/checkmark.png
copying file ./Payload/mageApp.app/assets/src/Components/images/circle_coloured.png ... 
2017-12-23 17:39:56 +0000  2287 bytes for ./Payload/mageApp.app/assets/src/Components/images/circle_coloured.png
copying file ./Payload/mageApp.app/assets/src/Components/images/correct_icon.png ... 
2017-12-23 17:39:56 +0000  2291 bytes for ./Payload/mageApp.app/assets/src/Components/images/correct_icon.png
copying file ./Payload/mageApp.app/assets/src/Components/images/Degree_iconios.png ... 
2017-12-23 17:39:56 +0000  2133 bytes for ./Payload/mageApp.app/assets/src/Components/images/Degree_iconios.png
copying file ./Payload/mageApp.app/assets/src/Components/images/dialogueimage.png ... 
2017-12-23 17:39:56 +0000  26161 bytes for ./Payload/mageApp.app/assets/src/Components/images/dialogueimage.png
copying file ./Payload/mageApp.app/assets/src/Components/images/edit-icon.png ... 
2017-12-23 17:39:56 +0000  1064 bytes for ./Payload/mageApp.app/assets/src/Components/images/edit-icon.png
copying file ./Payload/mageApp.app/assets/src/Components/images/emailblueios.png ... 
2017-12-23 17:39:56 +0000  1694 bytes for ./Payload/mageApp.app/assets/src/Components/images/emailblueios.png
copying file ./Payload/mageApp.app/assets/src/Components/images/facebook.png ... 
2017-12-23 17:39:56 +0000  1916 bytes for ./Payload/mageApp.app/assets/src/Components/images/facebook.png
2017-12-23 17:39:56 +0000  copying file ./Payload/mageApp.app/assets/src/Components/images/game_control_icon.png ... 
2017-12-23 17:39:56 +0000  1449 bytes for ./Payload/mageApp.app/assets/src/Components/images/game_control_icon.png
copying file ./Payload/mageApp.app/assets/src/Components/images/game_stat_card.png ... 
2017-12-23 17:39:56 +0000  2787 bytes for ./Payload/mageApp.app/assets/src/Components/images/game_stat_card.png
copying file ./Payload/mageApp.app/assets/src/Components/images/game_stat_picture.png ... 
2017-12-23 17:39:56 +0000  50427 bytes for ./Payload/mageApp.app/assets/src/Components/images/game_stat_picture.png
copying file ./Payload/mageApp.app/assets/src/Components/images/Google+.png ... 
2017-12-23 17:39:56 +0000  2286 bytes for ./Payload/mageApp.app/assets/src/Components/images/Google+.png
2017-12-23 17:39:56 +0000  copying file ./Payload/mageApp.app/assets/src/Components/images/great_try_BG.png ... 
2017-12-23 17:39:56 +0000  4009 bytes for ./Payload/mageApp.app/assets/src/Components/images/great_try_BG.png
2017-12-23 17:39:56 +0000  copying file ./Payload/mageApp.app/assets/src/Components/images/great_try_btn.png ... 
2017-12-23 17:39:56 +0000  4769 bytes for ./Payload/mageApp.app/assets/src/Components/images/great_try_btn.png
copying file ./Payload/mageApp.app/assets/src/Components/images/hear_icon1.png ... 
2017-12-23 17:39:56 +0000  2265 bytes for ./Payload/mageApp.app/assets/src/Components/images/hear_icon1.png
copying file ./Payload/mageApp.app/assets/src/Components/images/Illustration_splash.png ... 
2017-12-23 17:39:56 +0000  327263 bytes for ./Payload/mageApp.app/assets/src/Components/images/Illustration_splash.png
copying file ./Payload/mageApp.app/assets/src/Components/images/lock_blueios.png ... 
2017-12-23 17:39:56 +0000  2264 bytes for ./Payload/mageApp.app/assets/src/Components/images/lock_blueios.png
copying file ./Payload/mageApp.app/assets/src/Components/images/logo.png ... 
2017-12-23 17:39:56 +0000  31652 bytes for ./Payload/mageApp.app/assets/src/Components/images/logo.png
copying file ./Payload/mageApp.app/assets/src/Components/images/mage_circle_btn.png ... 
2017-12-23 17:39:56 +0000  4587 bytes for ./Payload/mageApp.app/assets/src/Components/images/mage_circle_btn.png
copying file ./Payload/mageApp.app/assets/src/Components/images/mage_splash_logo.png ... 
2017-12-23 17:39:56 +0000  24629 bytes for ./Payload/mageApp.app/assets/src/Components/images/mage_splash_logo.png
copying file ./Payload/mageApp.app/assets/src/Components/images/master_icon.png ... 
2017-12-23 17:39:56 +0000  1739 bytes for ./Payload/mageApp.app/assets/src/Components/images/master_icon.png
copying file ./Payload/mageApp.app/assets/src/Components/images/maxresdefault.jpg ... 
2017-12-23 17:39:56 +0000  42732 bytes for ./Payload/mageApp.app/assets/src/Components/images/maxresdefault.jpg
copying file ./Payload/mageApp.app/assets/src/Components/images/okay_btn.png ... 
2017-12-23 17:39:56 +0000  4271 bytes for ./Payload/mageApp.app/assets/src/Components/images/okay_btn.png
copying file ./Payload/mageApp.app/assets/src/Components/images/pinios.png ... 
2017-12-23 17:39:56 +0000  1423 bytes for ./Payload/mageApp.app/assets/src/Components/images/pinios.png
copying file ./Payload/mageApp.app/assets/src/Components/images/Question_header.png ... 
2017-12-23 17:39:56 +0000  130251 bytes for ./Payload/mageApp.app/assets/src/Components/images/Question_header.png
copying file ./Payload/mageApp.app/assets/src/Components/images/Question_header1.png ... 
2017-12-23 17:39:56 +0000  139061 bytes for ./Payload/mageApp.app/assets/src/Components/images/Question_header1.png
copying file ./Payload/mageApp.app/assets/src/Components/images/read_icon1.png ... 
2017-12-23 17:39:56 +0000  2095 bytes for ./Payload/mageApp.app/assets/src/Components/images/read_icon1.png
copying file ./Payload/mageApp.app/assets/src/Components/images/score_card_blue.png ... 
2017-12-23 17:39:56 +0000  1428 bytes for ./Payload/mageApp.app/assets/src/Components/images/score_card_blue.png
copying file ./Payload/mageApp.app/assets/src/Components/images/score_card_yellow.png ... 
2017-12-23 17:39:56 +0000  1221 bytes for ./Payload/mageApp.app/assets/src/Components/images/score_card_yellow.png
copying file ./Payload/mageApp.app/assets/src/Components/images/search_iconx.png ... 
2017-12-23 17:39:56 +0000  1799 bytes for ./Payload/mageApp.app/assets/src/Components/images/search_iconx.png
2017-12-23 17:39:56 +0000  copying file ./Payload/mageApp.app/assets/src/Components/images/Setting_BTN.png ... 
2017-12-23 17:39:56 +0000  2130 bytes for ./Payload/mageApp.app/assets/src/Components/images/Setting_BTN.png
copying file ./Payload/mageApp.app/assets/src/Components/images/solo_btn.png ... 
2017-12-23 17:39:56 +0000  3729 bytes for ./Payload/mageApp.app/assets/src/Components/images/solo_btn.png
copying file ./Payload/mageApp.app/assets/src/Components/images/speak_icon1.png ... 
2017-12-23 17:39:56 +0000  2048 bytes for ./Payload/mageApp.app/assets/src/Components/images/speak_icon1.png
copying file ./Payload/mageApp.app/assets/src/Components/images/storyboard_bg.png ... 
2017-12-23 17:39:56 +0000  39523 bytes for ./Payload/mageApp.app/assets/src/Components/images/storyboard_bg.png
copying file ./Payload/mageApp.app/assets/src/Components/images/times_up_icon.png ... 
2017-12-23 17:39:56 +0000  2757 bytes for ./Payload/mageApp.app/assets/src/Components/images/times_up_icon.png
copying file ./Payload/mageApp.app/assets/src/Components/images/top_pick_card01.png ... 
2017-12-23 17:39:56 +0000  117881 bytes for ./Payload/mageApp.app/assets/src/Components/images/top_pick_card01.png
copying file ./Payload/mageApp.app/assets/src/Components/images/top_pick_card02.png ... 
2017-12-23 17:39:56 +0000  127001 bytes for ./Payload/mageApp.app/assets/src/Components/images/top_pick_card02.png
copying file ./Payload/mageApp.app/assets/src/Components/images/user-icon1.png ... 
2017-12-23 17:39:56 +0000  1592 bytes for ./Payload/mageApp.app/assets/src/Components/images/user-icon1.png
copying file ./Payload/mageApp.app/assets/src/Components/images/user_icon_dark.png ... 
2017-12-23 17:39:56 +0000  17736 bytes for ./Payload/mageApp.app/assets/src/Components/images/user_icon_dark.png
copying file ./Payload/mageApp.app/assets/src/Components/images/write_icon1.png ... 
2017-12-23 17:39:56 +0000  2038 bytes for ./Payload/mageApp.app/assets/src/Components/images/write_icon1.png
copying file ./Payload/mageApp.app/assets/src/Components/images/wrong_icon.png ... 
2017-12-23 17:39:56 +0000  2290 bytes for ./Payload/mageApp.app/assets/src/Components/images/wrong_icon.png
copying file ./Payload/mageApp.app/assets/src/Components/images/x.png ... 
2017-12-23 17:39:56 +0000  3790 bytes for ./Payload/mageApp.app/assets/src/Components/images/x.png
2017-12-23 17:39:56 +0000  copying file ./Payload/mageApp.app/Assets.car ... 
2017-12-23 17:39:56 +0000  154824 bytes for ./Payload/mageApp.app/Assets.car
2017-12-23 17:39:56 +0000  copying file ./Payload/mageApp.app/Base.lproj/LaunchScreen.nib ... 
2017-12-23 17:39:56 +0000  3099 bytes for ./Payload/mageApp.app/Base.lproj/LaunchScreen.nib
copying file ./Payload/mageApp.app/embedded.mobileprovision ... 
2017-12-23 17:39:56 +0000  9347 bytes for ./Payload/mageApp.app/embedded.mobileprovision
copying file ./Payload/mageApp.app/Entypo.ttf ... 
2017-12-23 17:39:56 +0000  65584 bytes for ./Payload/mageApp.app/Entypo.ttf
copying file ./Payload/mageApp.app/EvilIcons.ttf ... 
2017-12-23 17:39:56 +0000  13128 bytes for ./Payload/mageApp.app/EvilIcons.ttf
copying file ./Payload/mageApp.app/FontAwesome.ttf ... 
2017-12-23 17:39:56 +0000  165548 bytes for ./Payload/mageApp.app/FontAwesome.ttf
copying file ./Payload/mageApp.app/Foundation.ttf ... 
2017-12-23 17:39:56 +0000  56976 bytes for ./Payload/mageApp.app/Foundation.ttf
copying file ./Payload/mageApp.app/Info.plist ... 
2017-12-23 17:39:56 +0000  1683 bytes for ./Payload/mageApp.app/Info.plist
copying file ./Payload/mageApp.app/Ionicons.ttf ... 
2017-12-23 17:39:56 +0000  143936 bytes for ./Payload/mageApp.app/Ionicons.ttf
copying file ./Payload/mageApp.app/mageApp ... 
2017-12-23 17:39:57 +0000  16293824 bytes for ./Payload/mageApp.app/mageApp
copying file ./Payload/mageApp.app/main.jsbundle ... 
2017-12-23 17:39:57 +0000  1938154 bytes for ./Payload/mageApp.app/main.jsbundle
copying file ./Payload/mageApp.app/main.jsbundle.meta ... 
2017-12-23 17:39:57 +0000  21 bytes for ./Payload/mageApp.app/main.jsbundle.meta
copying file ./Payload/mageApp.app/MaterialIcons.ttf ... 
2017-12-23 17:39:57 +0000  128180 bytes for ./Payload/mageApp.app/MaterialIcons.ttf
copying file ./Payload/mageApp.app/Octicons.ttf ... 
2017-12-23 17:39:57 +0000  43920 bytes for ./Payload/mageApp.app/Octicons.ttf
copying file ./Payload/mageApp.app/PkgInfo ... 
2017-12-23 17:39:57 +0000  8 bytes for ./Payload/mageApp.app/PkgInfo
copying file ./Payload/mageApp.app/Roboto.ttf ... 
2017-12-23 17:39:57 +0000  145348 bytes for ./Payload/mageApp.app/Roboto.ttf
copying file ./Payload/mageApp.app/Roboto_medium.ttf ... 
2017-12-23 17:39:57 +0000  137308 bytes for ./Payload/mageApp.app/Roboto_medium.ttf
copying file ./Payload/mageApp.app/rubicon-icon-font.ttf ... 
2017-12-23 17:39:57 +0000  10208 bytes for ./Payload/mageApp.app/rubicon-icon-font.ttf
copying file ./Payload/mageApp.app/SimpleLineIcons.ttf ... 
2017-12-23 17:39:57 +0000  54056 bytes for ./Payload/mageApp.app/SimpleLineIcons.ttf
copying file ./Payload/mageApp.app/YTPlayerView-iframe-player.html ... 
2017-12-23 17:39:57 +0000  2726 bytes for ./Payload/mageApp.app/YTPlayerView-iframe-player.html
copying file ./Payload/mageApp.app/Zocial.ttf ... 
2017-12-23 17:39:57 +0000  25552 bytes for ./Payload/mageApp.app/Zocial.ttf
2017-12-23 17:39:57 +0000  /usr/bin/ditto exited with 0
2017-12-23 17:39:57 +0000  Processing step: IDEDistributionCreateManifestStep
2017-12-23 17:39:57 +0000  Skipping step: IDEDistributionCreateManifestStep because it said so
